<?xml version="1.0" encoding="UTF-8"?>
<testsuite xmlns:xsi="http://www.w3.org/2001/XMLSchema-instance" xsi:noNamespaceSchemaLocation="https://maven.apache.org/surefire/maven-surefire-plugin/xsd/surefire-test-report.xsd" version="3.0.2" name="uk.gov.companieshouse.documentrender.exception.GlobalExceptionHandlerTest" time="0.013" tests="4" errors="0" skipped="0" failures="0">
  <properties>
    <property name="java.specification.version" value="21"/>
    <property name="sun.jnu.encoding" value="UTF-8"/>
    <property name="java.class.path" value="/Users/jbishop2/dev/docker-chs-development/repositories/document-render-service-java/target/test-classes:/Users/jbishop2/dev/docker-chs-development/repositories/document-render-service-java/target/classes:/Users/jbishop2/.m2/repository/org/springframework/boot/spring-boot-starter/3.5.6/spring-boot-starter-3.5.6.jar:/Users/jbishop2/.m2/repository/org/springframework/boot/spring-boot/3.5.6/spring-boot-3.5.6.jar:/Users/jbishop2/.m2/repository/org/springframework/spring-context/6.2.11/spring-context-6.2.11.jar:/Users/jbishop2/.m2/repository/org/springframework/boot/spring-boot-autoconfigure/3.5.6/spring-boot-autoconfigure-3.5.6.jar:/Users/jbishop2/.m2/repository/org/springframework/boot/spring-boot-starter-logging/3.5.6/spring-boot-starter-logging-3.5.6.jar:/Users/jbishop2/.m2/repository/ch/qos/logback/logback-classic/1.5.18/logback-classic-1.5.18.jar:/Users/jbishop2/.m2/repository/ch/qos/logback/logback-core/1.5.18/logback-core-1.5.18.jar:/Users/jbishop2/.m2/repository/org/apache/logging/log4j/log4j-to-slf4j/2.24.3/log4j-to-slf4j-2.24.3.jar:/Users/jbishop2/.m2/repository/org/apache/logging/log4j/log4j-api/2.24.3/log4j-api-2.24.3.jar:/Users/jbishop2/.m2/repository/org/slf4j/jul-to-slf4j/2.0.17/jul-to-slf4j-2.0.17.jar:/Users/jbishop2/.m2/repository/jakarta/annotation/jakarta.annotation-api/2.1.1/jakarta.annotation-api-2.1.1.jar:/Users/jbishop2/.m2/repository/org/springframework/spring-core/6.2.11/spring-core-6.2.11.jar:/Users/jbishop2/.m2/repository/org/springframework/spring-jcl/6.2.11/spring-jcl-6.2.11.jar:/Users/jbishop2/.m2/repository/org/yaml/snakeyaml/2.4/snakeyaml-2.4.jar:/Users/jbishop2/.m2/repository/org/springframework/boot/spring-boot-starter-web/3.5.6/spring-boot-starter-web-3.5.6.jar:/Users/jbishop2/.m2/repository/org/springframework/boot/spring-boot-starter-json/3.5.6/spring-boot-starter-json-3.5.6.jar:/Users/jbishop2/.m2/repository/com/fasterxml/jackson/core/jackson-databind/2.19.2/jackson-databind-2.19.2.jar:/Users/jbishop2/.m2/repository/com/fasterxml/jackson/datatype/jackson-datatype-jdk8/2.19.2/jackson-datatype-jdk8-2.19.2.jar:/Users/jbishop2/.m2/repository/com/fasterxml/jackson/module/jackson-module-parameter-names/2.19.2/jackson-module-parameter-names-2.19.2.jar:/Users/jbishop2/.m2/repository/org/springframework/boot/spring-boot-starter-tomcat/3.5.6/spring-boot-starter-tomcat-3.5.6.jar:/Users/jbishop2/.m2/repository/org/apache/tomcat/embed/tomcat-embed-el/10.1.46/tomcat-embed-el-10.1.46.jar:/Users/jbishop2/.m2/repository/org/springframework/spring-web/6.2.11/spring-web-6.2.11.jar:/Users/jbishop2/.m2/repository/org/springframework/spring-beans/6.2.11/spring-beans-6.2.11.jar:/Users/jbishop2/.m2/repository/org/springframework/spring-webmvc/6.2.11/spring-webmvc-6.2.11.jar:/Users/jbishop2/.m2/repository/org/springframework/spring-expression/6.2.11/spring-expression-6.2.11.jar:/Users/jbishop2/.m2/repository/org/springframework/boot/spring-boot-starter-aop/3.5.6/spring-boot-starter-aop-3.5.6.jar:/Users/jbishop2/.m2/repository/org/springframework/spring-aop/6.2.11/spring-aop-6.2.11.jar:/Users/jbishop2/.m2/repository/org/aspectj/aspectjweaver/1.9.24/aspectjweaver-1.9.24.jar:/Users/jbishop2/.m2/repository/org/springframework/boot/spring-boot-starter-actuator/3.5.6/spring-boot-starter-actuator-3.5.6.jar:/Users/jbishop2/.m2/repository/org/springframework/boot/spring-boot-actuator-autoconfigure/3.5.6/spring-boot-actuator-autoconfigure-3.5.6.jar:/Users/jbishop2/.m2/repository/org/springframework/boot/spring-boot-actuator/3.5.6/spring-boot-actuator-3.5.6.jar:/Users/jbishop2/.m2/repository/io/micrometer/micrometer-observation/1.15.4/micrometer-observation-1.15.4.jar:/Users/jbishop2/.m2/repository/io/micrometer/micrometer-commons/1.15.4/micrometer-commons-1.15.4.jar:/Users/jbishop2/.m2/repository/io/micrometer/micrometer-jakarta9/1.15.4/micrometer-jakarta9-1.15.4.jar:/Users/jbishop2/.m2/repository/io/micrometer/micrometer-core/1.15.4/micrometer-core-1.15.4.jar:/Users/jbishop2/.m2/repository/org/hdrhistogram/HdrHistogram/2.2.2/HdrHistogram-2.2.2.jar:/Users/jbishop2/.m2/repository/org/latencyutils/LatencyUtils/2.0.3/LatencyUtils-2.0.3.jar:/Users/jbishop2/.m2/repository/org/apache/commons/commons-text/1.13.0/commons-text-1.13.0.jar:/Users/jbishop2/.m2/repository/org/apache/commons/commons-lang3/3.17.0/commons-lang3-3.17.0.jar:/Users/jbishop2/.m2/repository/org/hibernate/validator/hibernate-validator/8.0.3.Final/hibernate-validator-8.0.3.Final.jar:/Users/jbishop2/.m2/repository/jakarta/validation/jakarta.validation-api/3.0.2/jakarta.validation-api-3.0.2.jar:/Users/jbishop2/.m2/repository/org/jboss/logging/jboss-logging/3.6.1.Final/jboss-logging-3.6.1.Final.jar:/Users/jbishop2/.m2/repository/com/fasterxml/classmate/1.7.0/classmate-1.7.0.jar:/Users/jbishop2/.m2/repository/org/apache/httpcomponents/client5/httpclient5/5.5/httpclient5-5.5.jar:/Users/jbishop2/.m2/repository/org/apache/httpcomponents/core5/httpcore5/5.3.5/httpcore5-5.3.5.jar:/Users/jbishop2/.m2/repository/org/apache/httpcomponents/core5/httpcore5-h2/5.3.5/httpcore5-h2-5.3.5.jar:/Users/jbishop2/.m2/repository/org/slf4j/slf4j-api/2.0.17/slf4j-api-2.0.17.jar:/Users/jbishop2/.m2/repository/uk/gov/companieshouse/structured-logging/3.0.39/structured-logging-3.0.39.jar:/Users/jbishop2/.m2/repository/org/slf4j/slf4j-simple/2.0.17/slf4j-simple-2.0.17.jar:/Users/jbishop2/.m2/repository/com/fasterxml/jackson/datatype/jackson-datatype-jsr310/2.19.2/jackson-datatype-jsr310-2.19.2.jar:/Users/jbishop2/.m2/repository/com/fasterxml/jackson/core/jackson-annotations/2.19.2/jackson-annotations-2.19.2.jar:/Users/jbishop2/.m2/repository/com/fasterxml/jackson/core/jackson-core/2.19.2/jackson-core-2.19.2.jar:/Users/jbishop2/.m2/repository/org/codehaus/janino/janino/3.1.12/janino-3.1.12.jar:/Users/jbishop2/.m2/repository/org/codehaus/janino/commons-compiler/3.1.12/commons-compiler-3.1.12.jar:/Users/jbishop2/.m2/repository/io/opentelemetry/opentelemetry-api/1.49.0/opentelemetry-api-1.49.0.jar:/Users/jbishop2/.m2/repository/io/opentelemetry/opentelemetry-context/1.49.0/opentelemetry-context-1.49.0.jar:/Users/jbishop2/.m2/repository/io/opentelemetry/instrumentation/opentelemetry-logback-appender-1.0/2.14.0-alpha/opentelemetry-logback-appender-1.0-2.14.0-alpha.jar:/Users/jbishop2/.m2/repository/io/opentelemetry/instrumentation/opentelemetry-instrumentation-api/2.14.0/opentelemetry-instrumentation-api-2.14.0.jar:/Users/jbishop2/.m2/repository/io/opentelemetry/opentelemetry-api-incubator/1.48.0-alpha/opentelemetry-api-incubator-1.48.0-alpha.jar:/Users/jbishop2/.m2/repository/io/opentelemetry/semconv/opentelemetry-semconv/1.30.0/opentelemetry-semconv-1.30.0.jar:/Users/jbishop2/.m2/repository/io/opentelemetry/instrumentation/opentelemetry-instrumentation-api-incubator/2.14.0-alpha/opentelemetry-instrumentation-api-incubator-2.14.0-alpha.jar:/Users/jbishop2/.m2/repository/uk/gov/companieshouse/sdk-manager-java/3.0.11/sdk-manager-java-3.0.11.jar:/Users/jbishop2/.m2/repository/uk/gov/companieshouse/java-session-handler/4.1.9/java-session-handler-4.1.9.jar:/Users/jbishop2/.m2/repository/com/google/code/gson/gson/2.13.2/gson-2.13.2.jar:/Users/jbishop2/.m2/repository/com/google/errorprone/error_prone_annotations/2.41.0/error_prone_annotations-2.41.0.jar:/Users/jbishop2/.m2/repository/redis/clients/jedis/6.0.0/jedis-6.0.0.jar:/Users/jbishop2/.m2/repository/org/apache/commons/commons-pool2/2.12.1/commons-pool2-2.12.1.jar:/Users/jbishop2/.m2/repository/org/json/json/20250107/json-20250107.jar:/Users/jbishop2/.m2/repository/redis/clients/authentication/redis-authx-core/0.1.1-beta2/redis-authx-core-0.1.1-beta2.jar:/Users/jbishop2/.m2/repository/org/msgpack/jackson-dataformat-msgpack/0.9.3/jackson-dataformat-msgpack-0.9.3.jar:/Users/jbishop2/.m2/repository/org/msgpack/msgpack-core/0.9.3/msgpack-core-0.9.3.jar:/Users/jbishop2/.m2/repository/uk/gov/companieshouse/environment-reader-library/3.0.3/environment-reader-library-3.0.3.jar:/Users/jbishop2/.m2/repository/uk/gov/companieshouse/private-api-sdk-java/4.0.385/private-api-sdk-java-4.0.385.jar:/Users/jbishop2/.m2/repository/javax/validation/validation-api/2.0.1.Final/validation-api-2.0.1.Final.jar:/Users/jbishop2/.m2/repository/uk/gov/companieshouse/api-sdk-java/6.4.8/api-sdk-java-6.4.8.jar:/Users/jbishop2/.m2/repository/com/google/http-client/google-http-client-jackson2/1.43.3/google-http-client-jackson2-1.43.3.jar:/Users/jbishop2/.m2/repository/com/google/http-client/google-http-client/1.43.3/google-http-client-1.43.3.jar:/Users/jbishop2/.m2/repository/io/opencensus/opencensus-api/0.31.1/opencensus-api-0.31.1.jar:/Users/jbishop2/.m2/repository/io/opencensus/opencensus-contrib-http-util/0.31.1/opencensus-contrib-http-util-0.31.1.jar:/Users/jbishop2/.m2/repository/io/grpc/grpc-context/1.71.0/grpc-context-1.71.0.jar:/Users/jbishop2/.m2/repository/io/grpc/grpc-api/1.71.0/grpc-api-1.71.0.jar:/Users/jbishop2/.m2/repository/com/google/oauth-client/google-oauth-client/1.34.1/google-oauth-client-1.34.1.jar:/Users/jbishop2/.m2/repository/com/google/http-client/google-http-client-gson/1.42.0/google-http-client-gson-1.42.0.jar:/Users/jbishop2/.m2/repository/com/google/guava/guava/32.1.2-jre/guava-32.1.2-jre.jar:/Users/jbishop2/.m2/repository/com/google/guava/failureaccess/1.0.1/failureaccess-1.0.1.jar:/Users/jbishop2/.m2/repository/com/google/guava/listenablefuture/9999.0-empty-to-avoid-conflict-with-guava/listenablefuture-9999.0-empty-to-avoid-conflict-with-guava.jar:/Users/jbishop2/.m2/repository/com/google/code/findbugs/jsr305/3.0.2/jsr305-3.0.2.jar:/Users/jbishop2/.m2/repository/org/checkerframework/checker-qual/3.33.0/checker-qual-3.33.0.jar:/Users/jbishop2/.m2/repository/com/google/j2objc/j2objc-annotations/2.8/j2objc-annotations-2.8.jar:/Users/jbishop2/.m2/repository/uk/gov/companieshouse/private.api.ch.gov.uk-specifications/0.1.461/private.api.ch.gov.uk-specifications-0.1.461.jar:/Users/jbishop2/.m2/repository/org/openapitools/jackson-databind-nullable/0.2.7/jackson-databind-nullable-0.2.7.jar:/Users/jbishop2/.m2/repository/io/swagger/core/v3/swagger-core/2.2.38/swagger-core-2.2.38.jar:/Users/jbishop2/.m2/repository/com/fasterxml/jackson/dataformat/jackson-dataformat-yaml/2.19.2/jackson-dataformat-yaml-2.19.2.jar:/Users/jbishop2/.m2/repository/io/swagger/core/v3/swagger-annotations/2.2.38/swagger-annotations-2.2.38.jar:/Users/jbishop2/.m2/repository/io/swagger/core/v3/swagger-models/2.2.38/swagger-models-2.2.38.jar:/Users/jbishop2/.m2/repository/javax/annotation/javax.annotation-api/1.3.2/javax.annotation-api-1.3.2.jar:/Users/jbishop2/.m2/repository/commons-validator/commons-validator/1.9.0/commons-validator-1.9.0.jar:/Users/jbishop2/.m2/repository/commons-digester/commons-digester/2.1/commons-digester-2.1.jar:/Users/jbishop2/.m2/repository/commons-logging/commons-logging/1.3.2/commons-logging-1.3.2.jar:/Users/jbishop2/.m2/repository/commons-collections/commons-collections/3.2.2/commons-collections-3.2.2.jar:/Users/jbishop2/.m2/repository/commons-beanutils/commons-beanutils/1.11.0/commons-beanutils-1.11.0.jar:/Users/jbishop2/.m2/repository/org/apache/tomcat/embed/tomcat-embed-core/10.1.46/tomcat-embed-core-10.1.46.jar:/Users/jbishop2/.m2/repository/org/apache/tomcat/tomcat-annotations-api/10.1.46/tomcat-annotations-api-10.1.46.jar:/Users/jbishop2/.m2/repository/org/apache/tomcat/embed/tomcat-embed-websocket/10.1.46/tomcat-embed-websocket-10.1.46.jar:/Users/jbishop2/.m2/repository/uk/gov/companieshouse/rest-service-common-library/2.0.9/rest-service-common-library-2.0.9.jar:/Users/jbishop2/.m2/repository/software/amazon/awssdk/s3/2.31.51/s3-2.31.51.jar:/Users/jbishop2/.m2/repository/software/amazon/awssdk/aws-xml-protocol/2.31.51/aws-xml-protocol-2.31.51.jar:/Users/jbishop2/.m2/repository/software/amazon/awssdk/aws-query-protocol/2.31.51/aws-query-protocol-2.31.51.jar:/Users/jbishop2/.m2/repository/software/amazon/awssdk/protocol-core/2.31.51/protocol-core-2.31.51.jar:/Users/jbishop2/.m2/repository/software/amazon/awssdk/arns/2.31.51/arns-2.31.51.jar:/Users/jbishop2/.m2/repository/software/amazon/awssdk/profiles/2.31.51/profiles-2.31.51.jar:/Users/jbishop2/.m2/repository/software/amazon/awssdk/crt-core/2.31.51/crt-core-2.31.51.jar:/Users/jbishop2/.m2/repository/software/amazon/awssdk/http-auth/2.31.51/http-auth-2.31.51.jar:/Users/jbishop2/.m2/repository/software/amazon/awssdk/identity-spi/2.31.51/identity-spi-2.31.51.jar:/Users/jbishop2/.m2/repository/software/amazon/awssdk/http-auth-spi/2.31.51/http-auth-spi-2.31.51.jar:/Users/jbishop2/.m2/repository/org/reactivestreams/reactive-streams/1.0.4/reactive-streams-1.0.4.jar:/Users/jbishop2/.m2/repository/software/amazon/awssdk/http-auth-aws/2.31.51/http-auth-aws-2.31.51.jar:/Users/jbishop2/.m2/repository/software/amazon/awssdk/checksums/2.31.51/checksums-2.31.51.jar:/Users/jbishop2/.m2/repository/software/amazon/awssdk/checksums-spi/2.31.51/checksums-spi-2.31.51.jar:/Users/jbishop2/.m2/repository/software/amazon/awssdk/retries-spi/2.31.51/retries-spi-2.31.51.jar:/Users/jbishop2/.m2/repository/software/amazon/awssdk/sdk-core/2.31.51/sdk-core-2.31.51.jar:/Users/jbishop2/.m2/repository/software/amazon/awssdk/retries/2.31.51/retries-2.31.51.jar:/Users/jbishop2/.m2/repository/software/amazon/awssdk/auth/2.31.51/auth-2.31.51.jar:/Users/jbishop2/.m2/repository/software/amazon/awssdk/http-auth-aws-eventstream/2.31.51/http-auth-aws-eventstream-2.31.51.jar:/Users/jbishop2/.m2/repository/software/amazon/eventstream/eventstream/1.0.1/eventstream-1.0.1.jar:/Users/jbishop2/.m2/repository/software/amazon/awssdk/http-client-spi/2.31.51/http-client-spi-2.31.51.jar:/Users/jbishop2/.m2/repository/software/amazon/awssdk/regions/2.31.51/regions-2.31.51.jar:/Users/jbishop2/.m2/repository/software/amazon/awssdk/annotations/2.31.51/annotations-2.31.51.jar:/Users/jbishop2/.m2/repository/software/amazon/awssdk/utils/2.31.51/utils-2.31.51.jar:/Users/jbishop2/.m2/repository/software/amazon/awssdk/aws-core/2.31.51/aws-core-2.31.51.jar:/Users/jbishop2/.m2/repository/software/amazon/awssdk/metrics-spi/2.31.51/metrics-spi-2.31.51.jar:/Users/jbishop2/.m2/repository/software/amazon/awssdk/json-utils/2.31.51/json-utils-2.31.51.jar:/Users/jbishop2/.m2/repository/software/amazon/awssdk/third-party-jackson-core/2.31.51/third-party-jackson-core-2.31.51.jar:/Users/jbishop2/.m2/repository/software/amazon/awssdk/endpoints-spi/2.31.51/endpoints-spi-2.31.51.jar:/Users/jbishop2/.m2/repository/software/amazon/awssdk/netty-nio-client/2.31.51/netty-nio-client-2.31.51.jar:/Users/jbishop2/.m2/repository/io/netty/netty-codec-http/4.1.127.Final/netty-codec-http-4.1.127.Final.jar:/Users/jbishop2/.m2/repository/io/netty/netty-codec-http2/4.1.127.Final/netty-codec-http2-4.1.127.Final.jar:/Users/jbishop2/.m2/repository/io/netty/netty-codec/4.1.127.Final/netty-codec-4.1.127.Final.jar:/Users/jbishop2/.m2/repository/io/netty/netty-transport/4.1.127.Final/netty-transport-4.1.127.Final.jar:/Users/jbishop2/.m2/repository/io/netty/netty-common/4.1.127.Final/netty-common-4.1.127.Final.jar:/Users/jbishop2/.m2/repository/io/netty/netty-buffer/4.1.127.Final/netty-buffer-4.1.127.Final.jar:/Users/jbishop2/.m2/repository/io/netty/netty-handler/4.1.127.Final/netty-handler-4.1.127.Final.jar:/Users/jbishop2/.m2/repository/io/netty/netty-transport-native-unix-common/4.1.127.Final/netty-transport-native-unix-common-4.1.127.Final.jar:/Users/jbishop2/.m2/repository/io/netty/netty-transport-classes-epoll/4.1.127.Final/netty-transport-classes-epoll-4.1.127.Final.jar:/Users/jbishop2/.m2/repository/io/netty/netty-resolver/4.1.127.Final/netty-resolver-4.1.127.Final.jar:/Users/jbishop2/.m2/repository/software/amazon/awssdk/apache-client/2.31.51/apache-client-2.31.51.jar:/Users/jbishop2/.m2/repository/org/apache/httpcomponents/httpclient/4.5.13/httpclient-4.5.13.jar:/Users/jbishop2/.m2/repository/org/apache/httpcomponents/httpcore/4.4.16/httpcore-4.4.16.jar:/Users/jbishop2/.m2/repository/commons-codec/commons-codec/1.18.0/commons-codec-1.18.0.jar:/Users/jbishop2/.m2/repository/org/springframework/boot/spring-boot-starter-test/3.5.6/spring-boot-starter-test-3.5.6.jar:/Users/jbishop2/.m2/repository/org/springframework/boot/spring-boot-test/3.5.6/spring-boot-test-3.5.6.jar:/Users/jbishop2/.m2/repository/org/springframework/boot/spring-boot-test-autoconfigure/3.5.6/spring-boot-test-autoconfigure-3.5.6.jar:/Users/jbishop2/.m2/repository/jakarta/xml/bind/jakarta.xml.bind-api/4.0.2/jakarta.xml.bind-api-4.0.2.jar:/Users/jbishop2/.m2/repository/jakarta/activation/jakarta.activation-api/2.1.4/jakarta.activation-api-2.1.4.jar:/Users/jbishop2/.m2/repository/net/minidev/json-smart/2.5.2/json-smart-2.5.2.jar:/Users/jbishop2/.m2/repository/net/minidev/accessors-smart/2.5.2/accessors-smart-2.5.2.jar:/Users/jbishop2/.m2/repository/org/ow2/asm/asm/9.7.1/asm-9.7.1.jar:/Users/jbishop2/.m2/repository/org/assertj/assertj-core/3.27.4/assertj-core-3.27.4.jar:/Users/jbishop2/.m2/repository/net/bytebuddy/byte-buddy/1.17.7/byte-buddy-1.17.7.jar:/Users/jbishop2/.m2/repository/org/awaitility/awaitility/4.2.2/awaitility-4.2.2.jar:/Users/jbishop2/.m2/repository/org/hamcrest/hamcrest/3.0/hamcrest-3.0.jar:/Users/jbishop2/.m2/repository/org/junit/jupiter/junit-jupiter/5.12.2/junit-jupiter-5.12.2.jar:/Users/jbishop2/.m2/repository/org/junit/jupiter/junit-jupiter-api/5.12.2/junit-jupiter-api-5.12.2.jar:/Users/jbishop2/.m2/repository/org/opentest4j/opentest4j/1.3.0/opentest4j-1.3.0.jar:/Users/jbishop2/.m2/repository/org/junit/platform/junit-platform-commons/1.12.2/junit-platform-commons-1.12.2.jar:/Users/jbishop2/.m2/repository/org/apiguardian/apiguardian-api/1.1.2/apiguardian-api-1.1.2.jar:/Users/jbishop2/.m2/repository/org/junit/jupiter/junit-jupiter-params/5.12.2/junit-jupiter-params-5.12.2.jar:/Users/jbishop2/.m2/repository/org/junit/jupiter/junit-jupiter-engine/5.12.2/junit-jupiter-engine-5.12.2.jar:/Users/jbishop2/.m2/repository/org/junit/platform/junit-platform-engine/1.12.2/junit-platform-engine-1.12.2.jar:/Users/jbishop2/.m2/repository/org/mockito/mockito-core/5.17.0/mockito-core-5.17.0.jar:/Users/jbishop2/.m2/repository/net/bytebuddy/byte-buddy-agent/1.17.7/byte-buddy-agent-1.17.7.jar:/Users/jbishop2/.m2/repository/org/objenesis/objenesis/3.3/objenesis-3.3.jar:/Users/jbishop2/.m2/repository/org/mockito/mockito-junit-jupiter/5.17.0/mockito-junit-jupiter-5.17.0.jar:/Users/jbishop2/.m2/repository/org/skyscreamer/jsonassert/1.5.3/jsonassert-1.5.3.jar:/Users/jbishop2/.m2/repository/com/vaadin/external/google/android-json/0.0.20131108.vaadin1/android-json-0.0.20131108.vaadin1.jar:/Users/jbishop2/.m2/repository/org/springframework/spring-test/6.2.11/spring-test-6.2.11.jar:/Users/jbishop2/.m2/repository/org/xmlunit/xmlunit-core/2.10.4/xmlunit-core-2.10.4.jar:/Users/jbishop2/.m2/repository/org/testcontainers/testcontainers/1.21.3/testcontainers-1.21.3.jar:/Users/jbishop2/.m2/repository/junit/junit/4.13.2/junit-4.13.2.jar:/Users/jbishop2/.m2/repository/org/hamcrest/hamcrest-core/3.0/hamcrest-core-3.0.jar:/Users/jbishop2/.m2/repository/org/apache/commons/commons-compress/1.24.0/commons-compress-1.24.0.jar:/Users/jbishop2/.m2/repository/org/rnorth/duct-tape/duct-tape/1.0.8/duct-tape-1.0.8.jar:/Users/jbishop2/.m2/repository/org/jetbrains/annotations/17.0.0/annotations-17.0.0.jar:/Users/jbishop2/.m2/repository/com/github/docker-java/docker-java-api/3.4.2/docker-java-api-3.4.2.jar:/Users/jbishop2/.m2/repository/com/github/docker-java/docker-java-transport-zerodep/3.4.2/docker-java-transport-zerodep-3.4.2.jar:/Users/jbishop2/.m2/repository/com/github/docker-java/docker-java-transport/3.4.2/docker-java-transport-3.4.2.jar:/Users/jbishop2/.m2/repository/net/java/dev/jna/jna/5.13.0/jna-5.13.0.jar:/Users/jbishop2/.m2/repository/org/testcontainers/localstack/1.21.3/localstack-1.21.3.jar:/Users/jbishop2/.m2/repository/org/testcontainers/junit-jupiter/1.21.3/junit-jupiter-1.21.3.jar:/Users/jbishop2/.m2/repository/org/testcontainers/mongodb/1.21.3/mongodb-1.21.3.jar:"/>
    <property name="java.vm.vendor" value="Amazon.com Inc."/>
    <property name="sun.arch.data.model" value="64"/>
    <property name="java.vendor.url" value="https://aws.amazon.com/corretto/"/>
    <property name="catalina.useNaming" value="false"/>
    <property name="user.timezone" value="Europe/London"/>
    <property name="org.jboss.logging.provider" value="slf4j"/>
    <property name="os.name" value="Mac OS X"/>
    <property name="java.vm.specification.version" value="21"/>
    <property name="APPLICATION_NAME" value="document-render-service"/>
    <property name="sun.java.launcher" value="SUN_STANDARD"/>
    <property name="user.country" value="US"/>
    <property name="sun.boot.library.path" value="/Users/jbishop2/.sdkman/candidates/java/21.0.6-amzn/lib"/>
    <property name="sun.java.command" value="/Users/jbishop2/dev/docker-chs-development/repositories/document-render-service-java/target/surefire/surefirebooter-20251028091055750_3.jar /Users/jbishop2/dev/docker-chs-development/repositories/document-render-service-java/target/surefire 2025-10-28T09-10-55_576-jvmRun1 surefire-20251028091055750_1tmp surefire_0-20251028091055750_2tmp"/>
    <property name="http.nonProxyHosts" value="local|*.local|localhost|*.localhost|127.0.0.0/8|*.127.0.0.0/8|::1/128|*.::1/128|17.0.0.0/8|*.17.0.0.0/8|ibosscloud.com|*.ibosscloud.com|136.228.232.53|136.228.244.239"/>
    <property name="jdk.debug" value="release"/>
    <property name="surefire.test.class.path" value="/Users/jbishop2/dev/docker-chs-development/repositories/document-render-service-java/target/test-classes:/Users/jbishop2/dev/docker-chs-development/repositories/document-render-service-java/target/classes:/Users/jbishop2/.m2/repository/org/springframework/boot/spring-boot-starter/3.5.6/spring-boot-starter-3.5.6.jar:/Users/jbishop2/.m2/repository/org/springframework/boot/spring-boot/3.5.6/spring-boot-3.5.6.jar:/Users/jbishop2/.m2/repository/org/springframework/spring-context/6.2.11/spring-context-6.2.11.jar:/Users/jbishop2/.m2/repository/org/springframework/boot/spring-boot-autoconfigure/3.5.6/spring-boot-autoconfigure-3.5.6.jar:/Users/jbishop2/.m2/repository/org/springframework/boot/spring-boot-starter-logging/3.5.6/spring-boot-starter-logging-3.5.6.jar:/Users/jbishop2/.m2/repository/ch/qos/logback/logback-classic/1.5.18/logback-classic-1.5.18.jar:/Users/jbishop2/.m2/repository/ch/qos/logback/logback-core/1.5.18/logback-core-1.5.18.jar:/Users/jbishop2/.m2/repository/org/apache/logging/log4j/log4j-to-slf4j/2.24.3/log4j-to-slf4j-2.24.3.jar:/Users/jbishop2/.m2/repository/org/apache/logging/log4j/log4j-api/2.24.3/log4j-api-2.24.3.jar:/Users/jbishop2/.m2/repository/org/slf4j/jul-to-slf4j/2.0.17/jul-to-slf4j-2.0.17.jar:/Users/jbishop2/.m2/repository/jakarta/annotation/jakarta.annotation-api/2.1.1/jakarta.annotation-api-2.1.1.jar:/Users/jbishop2/.m2/repository/org/springframework/spring-core/6.2.11/spring-core-6.2.11.jar:/Users/jbishop2/.m2/repository/org/springframework/spring-jcl/6.2.11/spring-jcl-6.2.11.jar:/Users/jbishop2/.m2/repository/org/yaml/snakeyaml/2.4/snakeyaml-2.4.jar:/Users/jbishop2/.m2/repository/org/springframework/boot/spring-boot-starter-web/3.5.6/spring-boot-starter-web-3.5.6.jar:/Users/jbishop2/.m2/repository/org/springframework/boot/spring-boot-starter-json/3.5.6/spring-boot-starter-json-3.5.6.jar:/Users/jbishop2/.m2/repository/com/fasterxml/jackson/core/jackson-databind/2.19.2/jackson-databind-2.19.2.jar:/Users/jbishop2/.m2/repository/com/fasterxml/jackson/datatype/jackson-datatype-jdk8/2.19.2/jackson-datatype-jdk8-2.19.2.jar:/Users/jbishop2/.m2/repository/com/fasterxml/jackson/module/jackson-module-parameter-names/2.19.2/jackson-module-parameter-names-2.19.2.jar:/Users/jbishop2/.m2/repository/org/springframework/boot/spring-boot-starter-tomcat/3.5.6/spring-boot-starter-tomcat-3.5.6.jar:/Users/jbishop2/.m2/repository/org/apache/tomcat/embed/tomcat-embed-el/10.1.46/tomcat-embed-el-10.1.46.jar:/Users/jbishop2/.m2/repository/org/springframework/spring-web/6.2.11/spring-web-6.2.11.jar:/Users/jbishop2/.m2/repository/org/springframework/spring-beans/6.2.11/spring-beans-6.2.11.jar:/Users/jbishop2/.m2/repository/org/springframework/spring-webmvc/6.2.11/spring-webmvc-6.2.11.jar:/Users/jbishop2/.m2/repository/org/springframework/spring-expression/6.2.11/spring-expression-6.2.11.jar:/Users/jbishop2/.m2/repository/org/springframework/boot/spring-boot-starter-aop/3.5.6/spring-boot-starter-aop-3.5.6.jar:/Users/jbishop2/.m2/repository/org/springframework/spring-aop/6.2.11/spring-aop-6.2.11.jar:/Users/jbishop2/.m2/repository/org/aspectj/aspectjweaver/1.9.24/aspectjweaver-1.9.24.jar:/Users/jbishop2/.m2/repository/org/springframework/boot/spring-boot-starter-actuator/3.5.6/spring-boot-starter-actuator-3.5.6.jar:/Users/jbishop2/.m2/repository/org/springframework/boot/spring-boot-actuator-autoconfigure/3.5.6/spring-boot-actuator-autoconfigure-3.5.6.jar:/Users/jbishop2/.m2/repository/org/springframework/boot/spring-boot-actuator/3.5.6/spring-boot-actuator-3.5.6.jar:/Users/jbishop2/.m2/repository/io/micrometer/micrometer-observation/1.15.4/micrometer-observation-1.15.4.jar:/Users/jbishop2/.m2/repository/io/micrometer/micrometer-commons/1.15.4/micrometer-commons-1.15.4.jar:/Users/jbishop2/.m2/repository/io/micrometer/micrometer-jakarta9/1.15.4/micrometer-jakarta9-1.15.4.jar:/Users/jbishop2/.m2/repository/io/micrometer/micrometer-core/1.15.4/micrometer-core-1.15.4.jar:/Users/jbishop2/.m2/repository/org/hdrhistogram/HdrHistogram/2.2.2/HdrHistogram-2.2.2.jar:/Users/jbishop2/.m2/repository/org/latencyutils/LatencyUtils/2.0.3/LatencyUtils-2.0.3.jar:/Users/jbishop2/.m2/repository/org/apache/commons/commons-text/1.13.0/commons-text-1.13.0.jar:/Users/jbishop2/.m2/repository/org/apache/commons/commons-lang3/3.17.0/commons-lang3-3.17.0.jar:/Users/jbishop2/.m2/repository/org/hibernate/validator/hibernate-validator/8.0.3.Final/hibernate-validator-8.0.3.Final.jar:/Users/jbishop2/.m2/repository/jakarta/validation/jakarta.validation-api/3.0.2/jakarta.validation-api-3.0.2.jar:/Users/jbishop2/.m2/repository/org/jboss/logging/jboss-logging/3.6.1.Final/jboss-logging-3.6.1.Final.jar:/Users/jbishop2/.m2/repository/com/fasterxml/classmate/1.7.0/classmate-1.7.0.jar:/Users/jbishop2/.m2/repository/org/apache/httpcomponents/client5/httpclient5/5.5/httpclient5-5.5.jar:/Users/jbishop2/.m2/repository/org/apache/httpcomponents/core5/httpcore5/5.3.5/httpcore5-5.3.5.jar:/Users/jbishop2/.m2/repository/org/apache/httpcomponents/core5/httpcore5-h2/5.3.5/httpcore5-h2-5.3.5.jar:/Users/jbishop2/.m2/repository/org/slf4j/slf4j-api/2.0.17/slf4j-api-2.0.17.jar:/Users/jbishop2/.m2/repository/uk/gov/companieshouse/structured-logging/3.0.39/structured-logging-3.0.39.jar:/Users/jbishop2/.m2/repository/org/slf4j/slf4j-simple/2.0.17/slf4j-simple-2.0.17.jar:/Users/jbishop2/.m2/repository/com/fasterxml/jackson/datatype/jackson-datatype-jsr310/2.19.2/jackson-datatype-jsr310-2.19.2.jar:/Users/jbishop2/.m2/repository/com/fasterxml/jackson/core/jackson-annotations/2.19.2/jackson-annotations-2.19.2.jar:/Users/jbishop2/.m2/repository/com/fasterxml/jackson/core/jackson-core/2.19.2/jackson-core-2.19.2.jar:/Users/jbishop2/.m2/repository/org/codehaus/janino/janino/3.1.12/janino-3.1.12.jar:/Users/jbishop2/.m2/repository/org/codehaus/janino/commons-compiler/3.1.12/commons-compiler-3.1.12.jar:/Users/jbishop2/.m2/repository/io/opentelemetry/opentelemetry-api/1.49.0/opentelemetry-api-1.49.0.jar:/Users/jbishop2/.m2/repository/io/opentelemetry/opentelemetry-context/1.49.0/opentelemetry-context-1.49.0.jar:/Users/jbishop2/.m2/repository/io/opentelemetry/instrumentation/opentelemetry-logback-appender-1.0/2.14.0-alpha/opentelemetry-logback-appender-1.0-2.14.0-alpha.jar:/Users/jbishop2/.m2/repository/io/opentelemetry/instrumentation/opentelemetry-instrumentation-api/2.14.0/opentelemetry-instrumentation-api-2.14.0.jar:/Users/jbishop2/.m2/repository/io/opentelemetry/opentelemetry-api-incubator/1.48.0-alpha/opentelemetry-api-incubator-1.48.0-alpha.jar:/Users/jbishop2/.m2/repository/io/opentelemetry/semconv/opentelemetry-semconv/1.30.0/opentelemetry-semconv-1.30.0.jar:/Users/jbishop2/.m2/repository/io/opentelemetry/instrumentation/opentelemetry-instrumentation-api-incubator/2.14.0-alpha/opentelemetry-instrumentation-api-incubator-2.14.0-alpha.jar:/Users/jbishop2/.m2/repository/uk/gov/companieshouse/sdk-manager-java/3.0.11/sdk-manager-java-3.0.11.jar:/Users/jbishop2/.m2/repository/uk/gov/companieshouse/java-session-handler/4.1.9/java-session-handler-4.1.9.jar:/Users/jbishop2/.m2/repository/com/google/code/gson/gson/2.13.2/gson-2.13.2.jar:/Users/jbishop2/.m2/repository/com/google/errorprone/error_prone_annotations/2.41.0/error_prone_annotations-2.41.0.jar:/Users/jbishop2/.m2/repository/redis/clients/jedis/6.0.0/jedis-6.0.0.jar:/Users/jbishop2/.m2/repository/org/apache/commons/commons-pool2/2.12.1/commons-pool2-2.12.1.jar:/Users/jbishop2/.m2/repository/org/json/json/20250107/json-20250107.jar:/Users/jbishop2/.m2/repository/redis/clients/authentication/redis-authx-core/0.1.1-beta2/redis-authx-core-0.1.1-beta2.jar:/Users/jbishop2/.m2/repository/org/msgpack/jackson-dataformat-msgpack/0.9.3/jackson-dataformat-msgpack-0.9.3.jar:/Users/jbishop2/.m2/repository/org/msgpack/msgpack-core/0.9.3/msgpack-core-0.9.3.jar:/Users/jbishop2/.m2/repository/uk/gov/companieshouse/environment-reader-library/3.0.3/environment-reader-library-3.0.3.jar:/Users/jbishop2/.m2/repository/uk/gov/companieshouse/private-api-sdk-java/4.0.385/private-api-sdk-java-4.0.385.jar:/Users/jbishop2/.m2/repository/javax/validation/validation-api/2.0.1.Final/validation-api-2.0.1.Final.jar:/Users/jbishop2/.m2/repository/uk/gov/companieshouse/api-sdk-java/6.4.8/api-sdk-java-6.4.8.jar:/Users/jbishop2/.m2/repository/com/google/http-client/google-http-client-jackson2/1.43.3/google-http-client-jackson2-1.43.3.jar:/Users/jbishop2/.m2/repository/com/google/http-client/google-http-client/1.43.3/google-http-client-1.43.3.jar:/Users/jbishop2/.m2/repository/io/opencensus/opencensus-api/0.31.1/opencensus-api-0.31.1.jar:/Users/jbishop2/.m2/repository/io/opencensus/opencensus-contrib-http-util/0.31.1/opencensus-contrib-http-util-0.31.1.jar:/Users/jbishop2/.m2/repository/io/grpc/grpc-context/1.71.0/grpc-context-1.71.0.jar:/Users/jbishop2/.m2/repository/io/grpc/grpc-api/1.71.0/grpc-api-1.71.0.jar:/Users/jbishop2/.m2/repository/com/google/oauth-client/google-oauth-client/1.34.1/google-oauth-client-1.34.1.jar:/Users/jbishop2/.m2/repository/com/google/http-client/google-http-client-gson/1.42.0/google-http-client-gson-1.42.0.jar:/Users/jbishop2/.m2/repository/com/google/guava/guava/32.1.2-jre/guava-32.1.2-jre.jar:/Users/jbishop2/.m2/repository/com/google/guava/failureaccess/1.0.1/failureaccess-1.0.1.jar:/Users/jbishop2/.m2/repository/com/google/guava/listenablefuture/9999.0-empty-to-avoid-conflict-with-guava/listenablefuture-9999.0-empty-to-avoid-conflict-with-guava.jar:/Users/jbishop2/.m2/repository/com/google/code/findbugs/jsr305/3.0.2/jsr305-3.0.2.jar:/Users/jbishop2/.m2/repository/org/checkerframework/checker-qual/3.33.0/checker-qual-3.33.0.jar:/Users/jbishop2/.m2/repository/com/google/j2objc/j2objc-annotations/2.8/j2objc-annotations-2.8.jar:/Users/jbishop2/.m2/repository/uk/gov/companieshouse/private.api.ch.gov.uk-specifications/0.1.461/private.api.ch.gov.uk-specifications-0.1.461.jar:/Users/jbishop2/.m2/repository/org/openapitools/jackson-databind-nullable/0.2.7/jackson-databind-nullable-0.2.7.jar:/Users/jbishop2/.m2/repository/io/swagger/core/v3/swagger-core/2.2.38/swagger-core-2.2.38.jar:/Users/jbishop2/.m2/repository/com/fasterxml/jackson/dataformat/jackson-dataformat-yaml/2.19.2/jackson-dataformat-yaml-2.19.2.jar:/Users/jbishop2/.m2/repository/io/swagger/core/v3/swagger-annotations/2.2.38/swagger-annotations-2.2.38.jar:/Users/jbishop2/.m2/repository/io/swagger/core/v3/swagger-models/2.2.38/swagger-models-2.2.38.jar:/Users/jbishop2/.m2/repository/javax/annotation/javax.annotation-api/1.3.2/javax.annotation-api-1.3.2.jar:/Users/jbishop2/.m2/repository/commons-validator/commons-validator/1.9.0/commons-validator-1.9.0.jar:/Users/jbishop2/.m2/repository/commons-digester/commons-digester/2.1/commons-digester-2.1.jar:/Users/jbishop2/.m2/repository/commons-logging/commons-logging/1.3.2/commons-logging-1.3.2.jar:/Users/jbishop2/.m2/repository/commons-collections/commons-collections/3.2.2/commons-collections-3.2.2.jar:/Users/jbishop2/.m2/repository/commons-beanutils/commons-beanutils/1.11.0/commons-beanutils-1.11.0.jar:/Users/jbishop2/.m2/repository/org/apache/tomcat/embed/tomcat-embed-core/10.1.46/tomcat-embed-core-10.1.46.jar:/Users/jbishop2/.m2/repository/org/apache/tomcat/tomcat-annotations-api/10.1.46/tomcat-annotations-api-10.1.46.jar:/Users/jbishop2/.m2/repository/org/apache/tomcat/embed/tomcat-embed-websocket/10.1.46/tomcat-embed-websocket-10.1.46.jar:/Users/jbishop2/.m2/repository/uk/gov/companieshouse/rest-service-common-library/2.0.9/rest-service-common-library-2.0.9.jar:/Users/jbishop2/.m2/repository/software/amazon/awssdk/s3/2.31.51/s3-2.31.51.jar:/Users/jbishop2/.m2/repository/software/amazon/awssdk/aws-xml-protocol/2.31.51/aws-xml-protocol-2.31.51.jar:/Users/jbishop2/.m2/repository/software/amazon/awssdk/aws-query-protocol/2.31.51/aws-query-protocol-2.31.51.jar:/Users/jbishop2/.m2/repository/software/amazon/awssdk/protocol-core/2.31.51/protocol-core-2.31.51.jar:/Users/jbishop2/.m2/repository/software/amazon/awssdk/arns/2.31.51/arns-2.31.51.jar:/Users/jbishop2/.m2/repository/software/amazon/awssdk/profiles/2.31.51/profiles-2.31.51.jar:/Users/jbishop2/.m2/repository/software/amazon/awssdk/crt-core/2.31.51/crt-core-2.31.51.jar:/Users/jbishop2/.m2/repository/software/amazon/awssdk/http-auth/2.31.51/http-auth-2.31.51.jar:/Users/jbishop2/.m2/repository/software/amazon/awssdk/identity-spi/2.31.51/identity-spi-2.31.51.jar:/Users/jbishop2/.m2/repository/software/amazon/awssdk/http-auth-spi/2.31.51/http-auth-spi-2.31.51.jar:/Users/jbishop2/.m2/repository/org/reactivestreams/reactive-streams/1.0.4/reactive-streams-1.0.4.jar:/Users/jbishop2/.m2/repository/software/amazon/awssdk/http-auth-aws/2.31.51/http-auth-aws-2.31.51.jar:/Users/jbishop2/.m2/repository/software/amazon/awssdk/checksums/2.31.51/checksums-2.31.51.jar:/Users/jbishop2/.m2/repository/software/amazon/awssdk/checksums-spi/2.31.51/checksums-spi-2.31.51.jar:/Users/jbishop2/.m2/repository/software/amazon/awssdk/retries-spi/2.31.51/retries-spi-2.31.51.jar:/Users/jbishop2/.m2/repository/software/amazon/awssdk/sdk-core/2.31.51/sdk-core-2.31.51.jar:/Users/jbishop2/.m2/repository/software/amazon/awssdk/retries/2.31.51/retries-2.31.51.jar:/Users/jbishop2/.m2/repository/software/amazon/awssdk/auth/2.31.51/auth-2.31.51.jar:/Users/jbishop2/.m2/repository/software/amazon/awssdk/http-auth-aws-eventstream/2.31.51/http-auth-aws-eventstream-2.31.51.jar:/Users/jbishop2/.m2/repository/software/amazon/eventstream/eventstream/1.0.1/eventstream-1.0.1.jar:/Users/jbishop2/.m2/repository/software/amazon/awssdk/http-client-spi/2.31.51/http-client-spi-2.31.51.jar:/Users/jbishop2/.m2/repository/software/amazon/awssdk/regions/2.31.51/regions-2.31.51.jar:/Users/jbishop2/.m2/repository/software/amazon/awssdk/annotations/2.31.51/annotations-2.31.51.jar:/Users/jbishop2/.m2/repository/software/amazon/awssdk/utils/2.31.51/utils-2.31.51.jar:/Users/jbishop2/.m2/repository/software/amazon/awssdk/aws-core/2.31.51/aws-core-2.31.51.jar:/Users/jbishop2/.m2/repository/software/amazon/awssdk/metrics-spi/2.31.51/metrics-spi-2.31.51.jar:/Users/jbishop2/.m2/repository/software/amazon/awssdk/json-utils/2.31.51/json-utils-2.31.51.jar:/Users/jbishop2/.m2/repository/software/amazon/awssdk/third-party-jackson-core/2.31.51/third-party-jackson-core-2.31.51.jar:/Users/jbishop2/.m2/repository/software/amazon/awssdk/endpoints-spi/2.31.51/endpoints-spi-2.31.51.jar:/Users/jbishop2/.m2/repository/software/amazon/awssdk/netty-nio-client/2.31.51/netty-nio-client-2.31.51.jar:/Users/jbishop2/.m2/repository/io/netty/netty-codec-http/4.1.127.Final/netty-codec-http-4.1.127.Final.jar:/Users/jbishop2/.m2/repository/io/netty/netty-codec-http2/4.1.127.Final/netty-codec-http2-4.1.127.Final.jar:/Users/jbishop2/.m2/repository/io/netty/netty-codec/4.1.127.Final/netty-codec-4.1.127.Final.jar:/Users/jbishop2/.m2/repository/io/netty/netty-transport/4.1.127.Final/netty-transport-4.1.127.Final.jar:/Users/jbishop2/.m2/repository/io/netty/netty-common/4.1.127.Final/netty-common-4.1.127.Final.jar:/Users/jbishop2/.m2/repository/io/netty/netty-buffer/4.1.127.Final/netty-buffer-4.1.127.Final.jar:/Users/jbishop2/.m2/repository/io/netty/netty-handler/4.1.127.Final/netty-handler-4.1.127.Final.jar:/Users/jbishop2/.m2/repository/io/netty/netty-transport-native-unix-common/4.1.127.Final/netty-transport-native-unix-common-4.1.127.Final.jar:/Users/jbishop2/.m2/repository/io/netty/netty-transport-classes-epoll/4.1.127.Final/netty-transport-classes-epoll-4.1.127.Final.jar:/Users/jbishop2/.m2/repository/io/netty/netty-resolver/4.1.127.Final/netty-resolver-4.1.127.Final.jar:/Users/jbishop2/.m2/repository/software/amazon/awssdk/apache-client/2.31.51/apache-client-2.31.51.jar:/Users/jbishop2/.m2/repository/org/apache/httpcomponents/httpclient/4.5.13/httpclient-4.5.13.jar:/Users/jbishop2/.m2/repository/org/apache/httpcomponents/httpcore/4.4.16/httpcore-4.4.16.jar:/Users/jbishop2/.m2/repository/commons-codec/commons-codec/1.18.0/commons-codec-1.18.0.jar:/Users/jbishop2/.m2/repository/org/springframework/boot/spring-boot-starter-test/3.5.6/spring-boot-starter-test-3.5.6.jar:/Users/jbishop2/.m2/repository/org/springframework/boot/spring-boot-test/3.5.6/spring-boot-test-3.5.6.jar:/Users/jbishop2/.m2/repository/org/springframework/boot/spring-boot-test-autoconfigure/3.5.6/spring-boot-test-autoconfigure-3.5.6.jar:/Users/jbishop2/.m2/repository/jakarta/xml/bind/jakarta.xml.bind-api/4.0.2/jakarta.xml.bind-api-4.0.2.jar:/Users/jbishop2/.m2/repository/jakarta/activation/jakarta.activation-api/2.1.4/jakarta.activation-api-2.1.4.jar:/Users/jbishop2/.m2/repository/net/minidev/json-smart/2.5.2/json-smart-2.5.2.jar:/Users/jbishop2/.m2/repository/net/minidev/accessors-smart/2.5.2/accessors-smart-2.5.2.jar:/Users/jbishop2/.m2/repository/org/ow2/asm/asm/9.7.1/asm-9.7.1.jar:/Users/jbishop2/.m2/repository/org/assertj/assertj-core/3.27.4/assertj-core-3.27.4.jar:/Users/jbishop2/.m2/repository/net/bytebuddy/byte-buddy/1.17.7/byte-buddy-1.17.7.jar:/Users/jbishop2/.m2/repository/org/awaitility/awaitility/4.2.2/awaitility-4.2.2.jar:/Users/jbishop2/.m2/repository/org/hamcrest/hamcrest/3.0/hamcrest-3.0.jar:/Users/jbishop2/.m2/repository/org/junit/jupiter/junit-jupiter/5.12.2/junit-jupiter-5.12.2.jar:/Users/jbishop2/.m2/repository/org/junit/jupiter/junit-jupiter-api/5.12.2/junit-jupiter-api-5.12.2.jar:/Users/jbishop2/.m2/repository/org/opentest4j/opentest4j/1.3.0/opentest4j-1.3.0.jar:/Users/jbishop2/.m2/repository/org/junit/platform/junit-platform-commons/1.12.2/junit-platform-commons-1.12.2.jar:/Users/jbishop2/.m2/repository/org/apiguardian/apiguardian-api/1.1.2/apiguardian-api-1.1.2.jar:/Users/jbishop2/.m2/repository/org/junit/jupiter/junit-jupiter-params/5.12.2/junit-jupiter-params-5.12.2.jar:/Users/jbishop2/.m2/repository/org/junit/jupiter/junit-jupiter-engine/5.12.2/junit-jupiter-engine-5.12.2.jar:/Users/jbishop2/.m2/repository/org/junit/platform/junit-platform-engine/1.12.2/junit-platform-engine-1.12.2.jar:/Users/jbishop2/.m2/repository/org/mockito/mockito-core/5.17.0/mockito-core-5.17.0.jar:/Users/jbishop2/.m2/repository/net/bytebuddy/byte-buddy-agent/1.17.7/byte-buddy-agent-1.17.7.jar:/Users/jbishop2/.m2/repository/org/objenesis/objenesis/3.3/objenesis-3.3.jar:/Users/jbishop2/.m2/repository/org/mockito/mockito-junit-jupiter/5.17.0/mockito-junit-jupiter-5.17.0.jar:/Users/jbishop2/.m2/repository/org/skyscreamer/jsonassert/1.5.3/jsonassert-1.5.3.jar:/Users/jbishop2/.m2/repository/com/vaadin/external/google/android-json/0.0.20131108.vaadin1/android-json-0.0.20131108.vaadin1.jar:/Users/jbishop2/.m2/repository/org/springframework/spring-test/6.2.11/spring-test-6.2.11.jar:/Users/jbishop2/.m2/repository/org/xmlunit/xmlunit-core/2.10.4/xmlunit-core-2.10.4.jar:/Users/jbishop2/.m2/repository/org/testcontainers/testcontainers/1.21.3/testcontainers-1.21.3.jar:/Users/jbishop2/.m2/repository/junit/junit/4.13.2/junit-4.13.2.jar:/Users/jbishop2/.m2/repository/org/hamcrest/hamcrest-core/3.0/hamcrest-core-3.0.jar:/Users/jbishop2/.m2/repository/org/apache/commons/commons-compress/1.24.0/commons-compress-1.24.0.jar:/Users/jbishop2/.m2/repository/org/rnorth/duct-tape/duct-tape/1.0.8/duct-tape-1.0.8.jar:/Users/jbishop2/.m2/repository/org/jetbrains/annotations/17.0.0/annotations-17.0.0.jar:/Users/jbishop2/.m2/repository/com/github/docker-java/docker-java-api/3.4.2/docker-java-api-3.4.2.jar:/Users/jbishop2/.m2/repository/com/github/docker-java/docker-java-transport-zerodep/3.4.2/docker-java-transport-zerodep-3.4.2.jar:/Users/jbishop2/.m2/repository/com/github/docker-java/docker-java-transport/3.4.2/docker-java-transport-3.4.2.jar:/Users/jbishop2/.m2/repository/net/java/dev/jna/jna/5.13.0/jna-5.13.0.jar:/Users/jbishop2/.m2/repository/org/testcontainers/localstack/1.21.3/localstack-1.21.3.jar:/Users/jbishop2/.m2/repository/org/testcontainers/junit-jupiter/1.21.3/junit-jupiter-1.21.3.jar:/Users/jbishop2/.m2/repository/org/testcontainers/mongodb/1.21.3/mongodb-1.21.3.jar:"/>
    <property name="sun.cpu.endian" value="little"/>
    <property name="user.home" value="/Users/jbishop2"/>
    <property name="user.language" value="en"/>
    <property name="java.specification.vendor" value="Oracle Corporation"/>
    <property name="java.version.date" value="2025-01-21"/>
    <property name="java.home" value="/Users/jbishop2/.sdkman/candidates/java/21.0.6-amzn"/>
    <property name="file.separator" value="/"/>
    <property name="basedir" value="/Users/jbishop2/dev/docker-chs-development/repositories/document-render-service-java"/>
    <property name="java.vm.compressedOopsMode" value="Zero based"/>
    <property name="line.separator" value="&#10;"/>
    <property name="java.vm.specification.vendor" value="Oracle Corporation"/>
    <property name="java.specification.name" value="Java Platform API Specification"/>
    <property name="FILE_LOG_CHARSET" value="UTF-8"/>
    <property name="java.awt.headless" value="true"/>
    <property name="apple.awt.application.name" value="ForkedBooter"/>
    <property name="surefire.real.class.path" value="/Users/jbishop2/dev/docker-chs-development/repositories/document-render-service-java/target/surefire/surefirebooter-20251028091055750_3.jar"/>
    <property name="sun.management.compiler" value="HotSpot 64-Bit Tiered Compilers"/>
    <property name="ftp.nonProxyHosts" value="local|*.local|localhost|*.localhost|127.0.0.0/8|*.127.0.0.0/8|::1/128|*.::1/128|17.0.0.0/8|*.17.0.0.0/8|ibosscloud.com|*.ibosscloud.com|136.228.232.53|136.228.244.239"/>
    <property name="java.runtime.version" value="21.0.6+7-LTS"/>
    <property name="user.name" value="jbishop2"/>
    <property name="stdout.encoding" value="UTF-8"/>
    <property name="path.separator" value=":"/>
    <property name="os.version" value="15.5"/>
    <property name="java.runtime.name" value="OpenJDK Runtime Environment"/>
    <property name="file.encoding" value="UTF-8"/>
    <property name="java.vm.name" value="OpenJDK 64-Bit Server VM"/>
    <property name="java.vendor.version" value="Corretto-21.0.6.7.1"/>
    <property name="localRepository" value="/Users/jbishop2/.m2/repository"/>
    <property name="java.vendor.url.bug" value="https://github.com/corretto/corretto-21/issues/"/>
    <property name="java.io.tmpdir" value="/var/folders/c1/c24nf7ds2_n19d49ggb9vpwm0000gn/T/"/>
    <property name="catalina.home" value="/private/var/folders/c1/c24nf7ds2_n19d49ggb9vpwm0000gn/T/tomcat.0.11800790249988203592"/>
    <property name="java.version" value="21.0.6"/>
    <property name="user.dir" value="/Users/jbishop2/dev/docker-chs-development/repositories/document-render-service-java"/>
    <property name="os.arch" value="aarch64"/>
    <property name="java.vm.specification.name" value="Java Virtual Machine Specification"/>
    <property name="PID" value="15616"/>
    <property name="CONSOLE_LOG_CHARSET" value="UTF-8"/>
    <property name="catalina.base" value="/private/var/folders/c1/c24nf7ds2_n19d49ggb9vpwm0000gn/T/tomcat.8181.13440195728284556814"/>
    <property name="native.encoding" value="UTF-8"/>
    <property name="java.library.path" value="/Users/jbishop2/Library/Java/Extensions:/Library/Java/Extensions:/Network/Library/Java/Extensions:/System/Library/Java/Extensions:/usr/lib/java:."/>
    <property name="java.vm.info" value="mixed mode, sharing"/>
    <property name="stderr.encoding" value="UTF-8"/>
    <property name="java.vendor" value="Amazon.com Inc."/>
    <property name="java.vm.version" value="21.0.6+7-LTS"/>
    <property name="sun.io.unicode.encoding" value="UnicodeBig"/>
    <property name="socksNonProxyHosts" value="local|*.local|localhost|*.localhost|127.0.0.0/8|*.127.0.0.0/8|::1/128|*.::1/128|17.0.0.0/8|*.17.0.0.0/8|ibosscloud.com|*.ibosscloud.com|136.228.232.53|136.228.244.239"/>
    <property name="java.class.version" value="65.0"/>
    <property name="LOGGED_APPLICATION_NAME" value="[document-render-service] "/>
  </properties>
  <testcase name="givenNonErrorRaised_whenErrorResponseCreated_thenReturnApiErrorResponseBuilder" classname="uk.gov.companieshouse.documentrender.exception.GlobalExceptionHandlerTest" time="0.008"/>
  <testcase name="givenErrorRaised_whenErrorResponseCreated_thenReturnApiErrorResponseBuilder" classname="uk.gov.companieshouse.documentrender.exception.GlobalExceptionHandlerTest" time="0.002"/>
  <testcase name="givenBadRequest_whenExceptionRaised_thenReturnApiErrorResponse" classname="uk.gov.companieshouse.documentrender.exception.GlobalExceptionHandlerTest" time="0.001"/>
  <testcase name="givenTemplateNotFound_whenExceptionRaised_thenReturnApiErrorResponse" classname="uk.gov.companieshouse.documentrender.exception.GlobalExceptionHandlerTest" time="0.001"/>
</testsuite>